<?xml version="1.0" encoding="UTF-8" ?>
<testsuite errors="1" failures="0" hostname="L0000004" name="Regressivo.CT_ICS_0001" skipped="0" tests="1" time="0.0" timestamp="2018-06-01T15:54:18">
  <properties>
[...]
</properties>
  <error message="Regressivo.CT_ICS_0001" type="java.lang.ClassNotFoundException">java.lang.ClassNotFoundException: Regressivo.CT_ICS_0001
	at java.net.URLClassLoader.findClass(Unknown Source)
	at java.lang.ClassLoader.loadClass(Unknown Source)
	at sun.misc.Launcher$AppClassLoader.loadClass(Unknown Source)
	at java.lang.ClassLoader.loadClass(Unknown Source)
	at java.lang.Class.forName0(Native Method)
	at java.lang.Class.forName(Unknown Source)
</error>
  <system-out><![CDATA[]]></system-out>
  <system-err><![CDATA[]]></system-err>
</testsuite>
