<?xml version="1.0" encoding="UTF-8" ?>
<testsuites>
  <testsuite errors="0" failures="0" hostname="L0000004" id="0" name="CT_ICS_0001" package="Reg_01_Login" skipped="0" tests="1" time="21.562" timestamp="2018-06-01T16:00:10">
      <properties>
[...]
</properties>

      <testcase classname="Reg_01_Login.CT_ICS_0001" name="LoginICS(Teste.Vector, Total@1234) [0]" time="20.958" />

      <system-out><![CDATA[Campo Usuário Apresentado com Sucesso
Campo Senha Apresentado com Sucesso
Botão Entrar Apresentado com Sucesso
Cabeçalho Usuário Apresentado com Sucesso
]]></system-out>

      <system-err><![CDATA[1527868812467	geckodriver	INFO	geckodriver 0.20.1
1527868812493	geckodriver	INFO	Listening on 127.0.0.1:47565
1527868813386	mozrunner::runner	INFO	Running command: "C:\\Program Files\\Mozilla Firefox\\firefox.exe" "-marionette" "-profile" "C:\\Users\\acolella\\AppData\\Local\\Temp\\rust_mozprofile.I7m6dJfGPDrt"
Unable to read VR Path Registry from C:\Users\acolella\AppData\Local\openvr\openvrpaths.vrpath
Unable to read VR Path Registry from C:\Users\acolella\AppData\Local\openvr\openvrpaths.vrpath
Unable to read VR Path Registry from C:\Users\acolella\AppData\Local\openvr\openvrpaths.vrpath
Unable to read VR Path Registry from C:\Users\acolella\AppData\Local\openvr\openvrpaths.vrpath
1527868820531	Marionette	INFO	Listening on port 13756
1527868821089	Marionette	WARN	TLS certificate errors will be ignored for this session
jun 01, 2018 1:00:22 PM org.openqa.selenium.remote.ProtocolHandshake createSession
INFORMAÇÕES: Detected dialect: W3C
Unable to read VR Path Registry from C:\Users\acolella\AppData\Local\openvr\openvrpaths.vrpath
[Parent 24032, Gecko_IOThread] WARNING: pipe error: 109: file z:/build/build/src/ipc/chromium/src/chrome/common/ipc_channel_win.cc, line 346
[Parent 24032, Gecko_IOThread] WARNING: pipe error: 109: file z:/build/build/src/ipc/chromium/src/chrome/common/ipc_channel_win.cc, line 346
*** UTM:SVC TimerManager:registerTimer called after profile-before-change notification. Ignoring timer registration for id: telemetry_modules_ping
[GPU 14556, Chrome_ChildThread] WARNING: pipe error: 109: file z:/build/build/src/ipc/chromium/src/chrome/common/ipc_channel_win.cc, line 346

###!!! [Child][MessageChannel::SendAndWait] Error: Channel error: cannot send/recv

]]></system-err>

  </testsuite>
  <testsuite errors="1" failures="0" hostname="L0000004" id="1" name="CT_ICS_0002" package="Reg_02_Operações_Encomenda_AWB" skipped="0" tests="1" time="60.708" timestamp="2018-06-01T15:32:49">
      <properties>
[...]
</properties>

      <testcase classname="Reg_02_Operações_Encomenda_AWB.CT_ICS_0002" name="Cad_Encomenda(TOT5690, ELETRO, 04012000, 82218546116, Antonio Colella da Silva, 1000, A4B745C673, 30/05/2018, 10000, 10000) [0]" time="60.492">
          <error message="Unable to locate element: /html/body/table[2]/tbody/tr/td/div/p/a&#xa;For documentation on this error, please visit: http://seleniumhq.org/exceptions/no_such_element.html&#xa;Build info: version: &apos;3.12.0&apos;, revision: &apos;7c6e0b3&apos;, time: &apos;2018-05-08T15:15:03.216Z&apos;&#xa;System info: host: &apos;L0000004&apos;, ip: &apos;192.168.0.8&apos;, os.name: &apos;Windows 10&apos;, os.arch: &apos;x86&apos;, os.version: &apos;10.0&apos;, java.version: &apos;1.8.0_144&apos;&#xa;Driver info: org.openqa.selenium.firefox.FirefoxDriver&#xa;Capabilities {acceptInsecureCerts: true, browserName: firefox, browserVersion: 60.0.1, javascriptEnabled: true, moz:accessibilityChecks: false, moz:headless: false, moz:processID: 16204, moz:profile: C:\Users\acolella\AppData\L..., moz:useNonSpecCompliantPointerOrigin: false, moz:webdriverClick: true, pageLoadStrategy: normal, platform: XP, platformName: XP, platformVersion: 10.0, rotatable: false, timeouts: {implicit: 0, pageLoad: 300000, script: 30000}}&#xa;Session ID: 31c9f8c3-1508-43e0-b851-cac6fff5e0b2&#xa;*** Element info: {Using=xpath, value=/html/body/table[2]/tbody/tr/td/div/p/a}" type="org.openqa.selenium.NoSuchElementException">org.openqa.selenium.NoSuchElementException: Unable to locate element: /html/body/table[2]/tbody/tr/td/div/p/a
For documentation on this error, please visit: http://seleniumhq.org/exceptions/no_such_element.html
Build info: version: &apos;3.12.0&apos;, revision: &apos;7c6e0b3&apos;, time: &apos;2018-05-08T15:15:03.216Z&apos;
System info: host: &apos;L0000004&apos;, ip: &apos;192.168.0.8&apos;, os.name: &apos;Windows 10&apos;, os.arch: &apos;x86&apos;, os.version: &apos;10.0&apos;, java.version: &apos;1.8.0_144&apos;
Driver info: org.openqa.selenium.firefox.FirefoxDriver
Capabilities {acceptInsecureCerts: true, browserName: firefox, browserVersion: 60.0.1, javascriptEnabled: true, moz:accessibilityChecks: false, moz:headless: false, moz:processID: 16204, moz:profile: C:\Users\acolella\AppData\L..., moz:useNonSpecCompliantPointerOrigin: false, moz:webdriverClick: true, pageLoadStrategy: normal, platform: XP, platformName: XP, platformVersion: 10.0, rotatable: false, timeouts: {implicit: 0, pageLoad: 300000, script: 30000}}
Session ID: 31c9f8c3-1508-43e0-b851-cac6fff5e0b2
*** Element info: {Using=xpath, value=/html/body/table[2]/tbody/tr/td/div/p/a}
	at java.lang.reflect.Constructor.newInstance(Unknown Source)
	at org.openqa.selenium.remote.http.W3CHttpResponseCodec.createException(W3CHttpResponseCodec.java:187)
	at org.openqa.selenium.remote.http.W3CHttpResponseCodec.decode(W3CHttpResponseCodec.java:122)
	at org.openqa.selenium.remote.http.W3CHttpResponseCodec.decode(W3CHttpResponseCodec.java:49)
	at org.openqa.selenium.remote.HttpCommandExecutor.execute(HttpCommandExecutor.java:158)
	at org.openqa.selenium.remote.service.DriverCommandExecutor.execute(DriverCommandExecutor.java:83)
	at org.openqa.selenium.remote.RemoteWebDriver.execute(RemoteWebDriver.java:543)
	at org.openqa.selenium.remote.RemoteWebDriver.findElement(RemoteWebDriver.java:317)
	at org.openqa.selenium.remote.RemoteWebDriver.findElementByXPath(RemoteWebDriver.java:419)
	at org.openqa.selenium.By$ByXPath.findElement(By.java:353)
	at org.openqa.selenium.remote.RemoteWebDriver.findElement(RemoteWebDriver.java:309)
	at Reg_02_Operações_Encomenda_AWB.CT_ICS_0002.Cad_Encomenda(CT_ICS_0002.java:135)
	at junitparams.internal.InvokeParameterisedMethod.evaluate(InvokeParameterisedMethod.java:234)
	at junitparams.internal.ParameterisedTestMethodRunner.runMethodInvoker(ParameterisedTestMethodRunner.java:47)
	at junitparams.internal.ParameterisedTestMethodRunner.runTestMethod(ParameterisedTestMethodRunner.java:40)
	at junitparams.internal.ParameterisedTestClassRunner.runParameterisedTest(ParameterisedTestClassRunner.java:146)
	at junitparams.JUnitParamsRunner.runChild(JUnitParamsRunner.java:446)
	at junitparams.JUnitParamsRunner.runChild(JUnitParamsRunner.java:393)
</error>

      </testcase>

      <system-out><![CDATA[E-AWB
]]></system-out>

      <system-err><![CDATA[1527867171092	geckodriver	INFO	geckodriver 0.20.1
1527867171120	geckodriver	INFO	Listening on 127.0.0.1:21474
1527867173124	mozrunner::runner	INFO	Running command: "C:\\Program Files\\Mozilla Firefox\\firefox.exe" "-marionette" "-profile" "C:\\Users\\acolella\\AppData\\Local\\Temp\\rust_mozprofile.GZxm0VYjYmRM"
Unable to read VR Path Registry from C:\Users\acolella\AppData\Local\openvr\openvrpaths.vrpath
Unable to read VR Path Registry from C:\Users\acolella\AppData\Local\openvr\openvrpaths.vrpath
Unable to read VR Path Registry from C:\Users\acolella\AppData\Local\openvr\openvrpaths.vrpath
Unable to read VR Path Registry from C:\Users\acolella\AppData\Local\openvr\openvrpaths.vrpath
[Parent 16204, Gecko_IOThread] WARNING: pipe error: 109: file z:/build/build/src/ipc/chromium/src/chrome/common/ipc_channel_win.cc, line 346
[Child 24800, Chrome_ChildThread] WARNING: pipe error: 109: file z:/build/build/src/ipc/chromium/src/chrome/common/ipc_channel_win.cc, line 346
[Child 24800, Chrome_ChildThread] WARNING: pipe error: 109: file z:/build/build/src/ipc/chromium/src/chrome/common/ipc_channel_win.cc, line 346
[Parent 16204, Gecko_IOThread] WARNING: file z:/build/build/src/ipc/chromium/src/base/process_util_win.cc, line 188
console.error: "Could not write session state file " (new Error("_initWorker called too early! Please read the session file from disk first.", "resource:///modules/sessionstore/SessionFile.jsm", 337)) "_initWorker/<@resource:///modules/sessionstore/SessionFile.jsm:337:15\n_initWorker@resource:///modules/sessionstore/SessionFile.jsm:330:12\n_postToWorker@resource:///modules/sessionstore/SessionFile.jsm:354:11\nwrite@resource:///modules/sessionstore/SessionFile.jsm:394:19\nwrite@resource:///modules/sessionstore/SessionFile.jsm:66:12\n_writeState@resource:///modules/sessionstore/SessionSaver.jsm:357:12\n_saveState@resource:///modules/sessionstore/SessionSaver.jsm:295:12\n_saveStateAsync@resource:///modules/sessionstore/SessionSaver.jsm:341:5\nsaveStateAsyncWhenIdle@resource:///modules/sessionstore/SessionSaver.jsm:192:9\n"
Unable to read VR Path Registry from C:\Users\acolella\AppData\Local\openvr\openvrpaths.vrpath
1527867194171	Marionette	INFO	Listening on port 11517
1527867195398	Marionette	WARN	TLS certificate errors will be ignored for this session
jun 01, 2018 12:33:16 PM org.openqa.selenium.remote.ProtocolHandshake createSession
INFORMAÇÕES: Detected dialect: W3C
Unable to read VR Path Registry from C:\Users\acolella\AppData\Local\openvr\openvrpaths.vrpath
JavaScript error: http://ics.qa.totalexpress.com.br/oper/encomenda_reg.php, line 873: TypeError: document.getElementById(...) is null
[Parent 16204, Gecko_IOThread] WARNING: pipe error: 109: file z:/build/build/src/ipc/chromium/src/chrome/common/ipc_channel_win.cc, line 346
[Child 24884, Chrome_ChildThread] WARNING: pipe error: 109: file z:/build/build/src/ipc/chromium/src/chrome/common/ipc_channel_win.cc, line 346
[Child 24884, Chrome_ChildThread] WARNING: pipe error: 109: file z:/build/[Child 8520, Chrome_ChildThread] WARNING: pipe error: 109: file z:/build/build/src/ipc/chromium/src/chrome/common/ipc_channel_win.cc, line 346
[Child 8520, Chrome_ChildThread] WARNING: pipe error: 109: file z:/build/build/src/ipc/chromium/src/chrome/common/ipc_channel_win.cc, line 346
*** UTM:SVC TimerManager:registerTimer called after profile-before-change notification. Ignoring timer registration for id: telemetry_modules_ping
[GPU 9696, Chrome_ChildThread] WARNING: pipe error: 109: file z:/build/build/src/ipc/chromium/src/chrome/common/ipc_channel_win.cc, line 346

###!!! [Child][MessageChannel::SendAndWait] Error: Channel error: cannot send/recv

]]></system-err>

  </testsuite>
  <testsuite errors="1" failures="0" hostname="L0000004" id="2" name="CT_ICS_0001" package="Regressivo" skipped="0" tests="1" time="0.0" timestamp="2018-06-01T15:54:18">
      <properties>
[...]
</properties>

      <error message="Regressivo.CT_ICS_0001" type="java.lang.ClassNotFoundException">java.lang.ClassNotFoundException: Regressivo.CT_ICS_0001
	at java.net.URLClassLoader.findClass(Unknown Source)
	at java.lang.ClassLoader.loadClass(Unknown Source)
	at sun.misc.Launcher$AppClassLoader.loadClass(Unknown Source)
	at java.lang.ClassLoader.loadClass(Unknown Source)
	at java.lang.Class.forName0(Native Method)
	at java.lang.Class.forName(Unknown Source)
</error>

      <system-out><![CDATA[]]></system-out>

      <system-err><![CDATA[]]></system-err>

  </testsuite>
</testsuites>
